<?xml version="1.0" encoding="UTF-8"?>
<!-- Generated by org.testng.reporters.JUnitXMLReporter -->
<testsuite hostname="DESKTOP-KOMANDM" ignored="0" name="Test" tests="2" failures="2" timestamp="2020-02-13T17:00:55 IST" time="15.491" errors="0">
  <testcase name="mainTest" time="15.416" classname="practise.AppiumFramework.WatchomainTest">
    <failure type="org.openqa.selenium.SessionNotCreatedException" message="Unable to create a new remote session. Please check the server log for more details. Original error: Unable to parse remote response: &amp;lt;!DOCTYPE html&amp;gt;
&amp;lt;html lang=&amp;quot;en&amp;quot;&amp;gt;
&amp;lt;head&amp;gt;
&amp;lt;meta charset=&amp;quot;utf-8&amp;quot;&amp;gt;
&amp;lt;title&amp;gt;Error&amp;lt;/title&amp;gt;
&amp;lt;/head&amp;gt;
&amp;lt;body&amp;gt;
&amp;lt;pre&amp;gt;Error: write EPIPE&amp;lt;br&amp;gt; &amp;amp;nbsp; &amp;amp;nbsp;at _errnoException (util.js:992:11)&amp;lt;br&amp;gt; &amp;amp;nbsp; &amp;amp;nbsp;at Socket._writeGeneric (net.js:764:25)&amp;lt;br&amp;gt; &amp;amp;nbsp; &amp;amp;nbsp;at Socket._write (net.js:783:8)&amp;lt;br&amp;gt; &amp;amp;nbsp; &amp;amp;nbsp;at doWrite (_stream_writable.js:397:12)&amp;lt;br&amp;gt; &amp;amp;nbsp; &amp;amp;nbsp;at writeOrBuffer (_stream_writable.js:383:5)&amp;lt;br&amp;gt; &amp;amp;nbsp; &amp;amp;nbsp;at Socket.Writable.write (_stream_writable.js:290:11)&amp;lt;br&amp;gt; &amp;amp;nbsp; &amp;amp;nbsp;at Socket.write (net.js:707:40)&amp;lt;br&amp;gt; &amp;amp;nbsp; &amp;amp;nbsp;at Console.log (C:\Users\Srini\AppData\Roaming\npm\node_modules\appium\node_modules\winston\lib\winston\transports\console.js:79:23)&amp;lt;br&amp;gt; &amp;amp;nbsp; &amp;amp;nbsp;at Console._write (C:\Users\Srini\AppData\Roaming\npm\node_modules\appium\node_modules\winston-transport\index.js:102:17)&amp;lt;br&amp;gt; &amp;amp;nbsp; &amp;amp;nbsp;at doWrite (C:\Users\Srini\AppData\Roaming\npm\node_modules\appium\node_modules\readable-stream\lib\_stream_writable.js:428:64)&amp;lt;br&amp;gt; &amp;amp;nbsp; &amp;amp;nbsp;at writeOrBuffer (C:\Users\Srini\AppData\Roaming\npm\node_modules\appium\node_modules\readable-stream\lib\_stream_writable.js:417:5)&amp;lt;br&amp;gt; &amp;amp;nbsp; &amp;amp;nbsp;at Console.Writable.write (C:\Users\Srini\AppData\Roaming\npm\node_modules\appium\node_modules\readable-stream\lib\_stream_writable.js:334:11)&amp;lt;br&amp;gt; &amp;amp;nbsp; &amp;amp;nbsp;at DerivedLogger.ondata (C:\Users\Srini\AppData\Roaming\npm\node_modules\appium\node_modules\winston\node_modules\readable-stream\lib\_stream_readable.js:662:20)&amp;lt;br&amp;gt; &amp;amp;nbsp; &amp;amp;nbsp;at emitOne (events.js:116:13)&amp;lt;br&amp;gt; &amp;amp;nbsp; &amp;amp;nbsp;at DerivedLogger.emit (events.js:211:7)&amp;lt;br&amp;gt; &amp;amp;nbsp; &amp;amp;nbsp;at addChunk (C:\Users\Srini\AppData\Roaming\npm\node_modules\appium\node_modules\winston\node_modules\readable-stream\lib\_stream_readable.js:297:12)&amp;lt;br&amp;gt; &amp;amp;nbsp; &amp;amp;nbsp;at readableAddChunk (C:\Users\Srini\AppData\Roaming\npm\node_modules\appium\node_modules\winston\node_modules\readable-stream\lib\_stream_readable.js:279:11)&amp;lt;br&amp;gt; &amp;amp;nbsp; &amp;amp;nbsp;at DerivedLogger.Readable.push (C:\Users\Srini\AppData\Roaming\npm\node_modules\appium\node_modules\winston\node_modules\readable-stream\lib\_stream_readable.js:240:10)&amp;lt;br&amp;gt; &amp;amp;nbsp; &amp;amp;nbsp;at DerivedLogger.Transform.push (C:\Users\Srini\AppData\Roaming\npm\node_modules\appium\node_modules\winston\node_modules\readable-stream\lib\_stream_transform.js:139:32)&amp;lt;br&amp;gt; &amp;amp;nbsp; &amp;amp;nbsp;at DerivedLogger._transform (C:\Users\Srini\AppData\Roaming\npm\node_modules\appium\node_modules\winston\lib\winston\logger.js:305:12)&amp;lt;br&amp;gt; &amp;amp;nbsp; &amp;amp;nbsp;at DerivedLogger.Transform._read (C:\Users\Srini\AppData\Roaming\npm\node_modules\appium\node_modules\winston\node_modules\readable-stream\lib\_stream_transform.js:177:10)&amp;lt;br&amp;gt; &amp;amp;nbsp; &amp;amp;nbsp;at DerivedLogger.Transform._write (C:\Users\Srini\AppData\Roaming\npm\node_modules\appium\node_modules\winston\node_modules\readable-stream\lib\_stream_transform.js:164:83)&amp;lt;/pre&amp;gt;
&amp;lt;/body&amp;gt;
&amp;lt;/html&amp;gt;

Build info: version: &amp;apos;3.141.59&amp;apos;, revision: &amp;apos;e82be7d358&amp;apos;, time: &amp;apos;2018-11-14T08:17:03&amp;apos;
System info: host: &amp;apos;DESKTOP-KOMANDM&amp;apos;, ip: &amp;apos;192.168.56.1&amp;apos;, os.name: &amp;apos;Windows 10&amp;apos;, os.arch: &amp;apos;amd64&amp;apos;, os.version: &amp;apos;10.0&amp;apos;, java.version: &amp;apos;1.8.0_231&amp;apos;
Driver info: driver.version: AndroidDriver">
      <![CDATA[org.openqa.selenium.SessionNotCreatedException: Unable to create a new remote session. Please check the server log for more details. Original error: Unable to parse remote response: <!DOCTYPE html>
<html lang="en">
<head>
<meta charset="utf-8">
<title>Error</title>
</head>
<body>
<pre>Error: write EPIPE<br> &nbsp; &nbsp;at _errnoException (util.js:992:11)<br> &nbsp; &nbsp;at Socket._writeGeneric (net.js:764:25)<br> &nbsp; &nbsp;at Socket._write (net.js:783:8)<br> &nbsp; &nbsp;at doWrite (_stream_writable.js:397:12)<br> &nbsp; &nbsp;at writeOrBuffer (_stream_writable.js:383:5)<br> &nbsp; &nbsp;at Socket.Writable.write (_stream_writable.js:290:11)<br> &nbsp; &nbsp;at Socket.write (net.js:707:40)<br> &nbsp; &nbsp;at Console.log (C:\Users\Srini\AppData\Roaming\npm\node_modules\appium\node_modules\winston\lib\winston\transports\console.js:79:23)<br> &nbsp; &nbsp;at Console._write (C:\Users\Srini\AppData\Roaming\npm\node_modules\appium\node_modules\winston-transport\index.js:102:17)<br> &nbsp; &nbsp;at doWrite (C:\Users\Srini\AppData\Roaming\npm\node_modules\appium\node_modules\readable-stream\lib\_stream_writable.js:428:64)<br> &nbsp; &nbsp;at writeOrBuffer (C:\Users\Srini\AppData\Roaming\npm\node_modules\appium\node_modules\readable-stream\lib\_stream_writable.js:417:5)<br> &nbsp; &nbsp;at Console.Writable.write (C:\Users\Srini\AppData\Roaming\npm\node_modules\appium\node_modules\readable-stream\lib\_stream_writable.js:334:11)<br> &nbsp; &nbsp;at DerivedLogger.ondata (C:\Users\Srini\AppData\Roaming\npm\node_modules\appium\node_modules\winston\node_modules\readable-stream\lib\_stream_readable.js:662:20)<br> &nbsp; &nbsp;at emitOne (events.js:116:13)<br> &nbsp; &nbsp;at DerivedLogger.emit (events.js:211:7)<br> &nbsp; &nbsp;at addChunk (C:\Users\Srini\AppData\Roaming\npm\node_modules\appium\node_modules\winston\node_modules\readable-stream\lib\_stream_readable.js:297:12)<br> &nbsp; &nbsp;at readableAddChunk (C:\Users\Srini\AppData\Roaming\npm\node_modules\appium\node_modules\winston\node_modules\readable-stream\lib\_stream_readable.js:279:11)<br> &nbsp; &nbsp;at DerivedLogger.Readable.push (C:\Users\Srini\AppData\Roaming\npm\node_modules\appium\node_modules\winston\node_modules\readable-stream\lib\_stream_readable.js:240:10)<br> &nbsp; &nbsp;at DerivedLogger.Transform.push (C:\Users\Srini\AppData\Roaming\npm\node_modules\appium\node_modules\winston\node_modules\readable-stream\lib\_stream_transform.js:139:32)<br> &nbsp; &nbsp;at DerivedLogger._transform (C:\Users\Srini\AppData\Roaming\npm\node_modules\appium\node_modules\winston\lib\winston\logger.js:305:12)<br> &nbsp; &nbsp;at DerivedLogger.Transform._read (C:\Users\Srini\AppData\Roaming\npm\node_modules\appium\node_modules\winston\node_modules\readable-stream\lib\_stream_transform.js:177:10)<br> &nbsp; &nbsp;at DerivedLogger.Transform._write (C:\Users\Srini\AppData\Roaming\npm\node_modules\appium\node_modules\winston\node_modules\readable-stream\lib\_stream_transform.js:164:83)</pre>
</body>
</html>

Build info: version: '3.141.59', revision: 'e82be7d358', time: '2018-11-14T08:17:03'
System info: host: 'DESKTOP-KOMANDM', ip: '192.168.56.1', os.name: 'Windows 10', os.arch: 'amd64', os.version: '10.0', java.version: '1.8.0_231'
Driver info: driver.version: AndroidDriver
at io.appium.java_client.remote.AppiumCommandExecutor$1.createSession(AppiumCommandExecutor.java:208)
at io.appium.java_client.remote.AppiumCommandExecutor.createSession(AppiumCommandExecutor.java:217)
at io.appium.java_client.remote.AppiumCommandExecutor.execute(AppiumCommandExecutor.java:239)
at org.openqa.selenium.remote.RemoteWebDriver.execute(RemoteWebDriver.java:552)
at io.appium.java_client.DefaultGenericMobileDriver.execute(DefaultGenericMobileDriver.java:42)
at io.appium.java_client.AppiumDriver.execute(AppiumDriver.java:1)
at io.appium.java_client.android.AndroidDriver.execute(AndroidDriver.java:1)
at org.openqa.selenium.remote.RemoteWebDriver.startSession(RemoteWebDriver.java:213)
at org.openqa.selenium.remote.RemoteWebDriver.<init>(RemoteWebDriver.java:131)
at io.appium.java_client.DefaultGenericMobileDriver.<init>(DefaultGenericMobileDriver.java:38)
at io.appium.java_client.AppiumDriver.<init>(AppiumDriver.java:84)
at io.appium.java_client.AppiumDriver.<init>(AppiumDriver.java:94)
at io.appium.java_client.android.AndroidDriver.<init>(AndroidDriver.java:95)
at practise.AppiumFramework.base.capabilities(base.java:94)
at practise.AppiumFramework.WatchomainTest.mainTest(WatchomainTest.java:21)
at java.util.ArrayList.forEach(Unknown Source)
at io.appium.java_client.remote.AppiumCommandExecutor$1.createSession(AppiumCommandExecutor.java:186)
... 42 more
Caused by: org.openqa.selenium.WebDriverException: Unable to parse remote response: <!DOCTYPE html>
<html lang="en">
<head>
<meta charset="utf-8">
<title>Error</title>
</head>
<body>
<pre>Error: write EPIPE<br> &nbsp; &nbsp;at _errnoException (util.js:992:11)<br> &nbsp; &nbsp;at Socket._writeGeneric (net.js:764:25)<br> &nbsp; &nbsp;at Socket._write (net.js:783:8)<br> &nbsp; &nbsp;at doWrite (_stream_writable.js:397:12)<br> &nbsp; &nbsp;at writeOrBuffer (_stream_writable.js:383:5)<br> &nbsp; &nbsp;at Socket.Writable.write (_stream_writable.js:290:11)<br> &nbsp; &nbsp;at Socket.write (net.js:707:40)<br> &nbsp; &nbsp;at Console.log (C:\Users\Srini\AppData\Roaming\npm\node_modules\appium\node_modules\winston\lib\winston\transports\console.js:79:23)<br> &nbsp; &nbsp;at Console._write (C:\Users\Srini\AppData\Roaming\npm\node_modules\appium\node_modules\winston-transport\index.js:102:17)<br> &nbsp; &nbsp;at doWrite (C:\Users\Srini\AppData\Roaming\npm\node_modules\appium\node_modules\readable-stream\lib\_stream_writable.js:428:64)<br> &nbsp; &nbsp;at writeOrBuffer (C:\Users\Srini\AppData\Roaming\npm\node_modules\appium\node_modules\readable-stream\lib\_stream_writable.js:417:5)<br> &nbsp; &nbsp;at Console.Writable.write (C:\Users\Srini\AppData\Roaming\npm\node_modules\appium\node_modules\readable-stream\lib\_stream_writable.js:334:11)<br> &nbsp; &nbsp;at DerivedLogger.ondata (C:\Users\Srini\AppData\Roaming\npm\node_modules\appium\node_modules\winston\node_modules\readable-stream\lib\_stream_readable.js:662:20)<br> &nbsp; &nbsp;at emitOne (events.js:116:13)<br> &nbsp; &nbsp;at DerivedLogger.emit (events.js:211:7)<br> &nbsp; &nbsp;at addChunk (C:\Users\Srini\AppData\Roaming\npm\node_modules\appium\node_modules\winston\node_modules\readable-stream\lib\_stream_readable.js:297:12)<br> &nbsp; &nbsp;at readableAddChunk (C:\Users\Srini\AppData\Roaming\npm\node_modules\appium\node_modules\winston\node_modules\readable-stream\lib\_stream_readable.js:279:11)<br> &nbsp; &nbsp;at DerivedLogger.Readable.push (C:\Users\Srini\AppData\Roaming\npm\node_modules\appium\node_modules\winston\node_modules\readable-stream\lib\_stream_readable.js:240:10)<br> &nbsp; &nbsp;at DerivedLogger.Transform.push (C:\Users\Srini\AppData\Roaming\npm\node_modules\appium\node_modules\winston\node_modules\readable-stream\lib\_stream_transform.js:139:32)<br> &nbsp; &nbsp;at DerivedLogger._transform (C:\Users\Srini\AppData\Roaming\npm\node_modules\appium\node_modules\winston\lib\winston\logger.js:305:12)<br> &nbsp; &nbsp;at DerivedLogger.Transform._read (C:\Users\Srini\AppData\Roaming\npm\node_modules\appium\node_modules\winston\node_modules\readable-stream\lib\_stream_transform.js:177:10)<br> &nbsp; &nbsp;at DerivedLogger.Transform._write (C:\Users\Srini\AppData\Roaming\npm\node_modules\appium\node_modules\winston\node_modules\readable-stream\lib\_stream_transform.js:164:83)</pre>
</body>
</html>

at org.openqa.selenium.remote.ProtocolHandshake.createSession(ProtocolHandshake.java:115)
... 47 more
Caused by: org.openqa.selenium.json.JsonException: Unable to determine type from: <. Last 1 characters read: <
Build info: version: '3.141.59', revision: 'e82be7d358', time: '2018-11-14T08:17:03'
System info: host: 'DESKTOP-KOMANDM', ip: '192.168.56.1', os.name: 'Windows 10', os.arch: 'amd64', os.version: '10.0', java.version: '1.8.0_231'
Driver info: driver.version: AndroidDriver
at org.openqa.selenium.json.JsonInput.peek(JsonInput.java:122)
at org.openqa.selenium.json.JsonTypeCoercer.lambda$null$6(JsonTypeCoercer.java:140)
at org.openqa.selenium.json.JsonTypeCoercer.coerce(JsonTypeCoercer.java:126)
at org.openqa.selenium.json.Json.toType(Json.java:69)
at org.openqa.selenium.json.Json.toType(Json.java:55)
at org.openqa.selenium.json.Json.toType(Json.java:50)
at org.openqa.selenium.remote.ProtocolHandshake.createSession(ProtocolHandshake.java:112)
... 47 more
... Removed 32 stack frames]]>
    </failure>
  </testcase> <!-- mainTest -->
  <testcase name="mainTest" time="15.446" classname="practise.AppiumFramework.WatchomainTest">
    <failure type="java.lang.NullPointerException">
      <![CDATA[java.lang.NullPointerException
at practise.AppiumFramework.base.getScreenshot(base.java:103)
at resources.Listeners.onTestFailure(Listeners.java:32)
at java.util.ArrayList.forEach(Unknown Source)
... Removed 24 stack frames]]>
    </failure>
  </testcase> <!-- mainTest -->
</testsuite> <!-- Test -->
